# JRE version: OpenJDK Runtime Environment JBR-21.0.5+8-631.16-nomod (21.0.5+8) (build 21.0.5+8-b631.16)
# Java VM: OpenJDK 64-Bit Server VM JBR-21.0.5+8-631.16-nomod (21.0.5+8-b631.16, mixed mode, tiered, compressed oops, compressed class ptrs, g1 gc, linux-amd64)
GC Precious Log:
 CardTable entry size: 512
 Card Set container configuration: InlinePtr #cards 5 size 8 Array Of Cards #cards 12 size 40 Howl #buckets 4 coarsen threshold 1843 Howl Bitmap #cards 512 size 80 coarsen threshold 460 Card regions per heap region 1 cards per card region 2048
 CPUs: 20 total, 20 available
 Memory: 31947M
 Large Page Support: Disabled
 NUMA Support: Disabled
 Compressed Oops: Enabled (32-bit)
 Heap Region Size: 1M
 Heap Min Capacity: 8M
 Heap Initial Capacity: 500M
 Heap Max Capacity: 1G
 Pre-touch: Disabled
 Parallel Workers: 15
 Concurrent Workers: 4
 Concurrent Refinement Workers: 15
 Periodic GC: Disabled
Heap:
 garbage-first heap   total 360448K, used 225855K [0x00000000c0000000, 0x0000000100000000)
  region size 1024K, 31 young (31744K), 6 survivors (6144K)
 Metaspace       used 175270K, committed 178176K, reserved 1245184K
  class space    used 22086K, committed 23296K, reserved 1048576K
GC Heap History (20 events):
Event: 14.600 GC heap before
{Heap before GC invocations=30 (full 0):
 garbage-first heap   total 147456K, used 127765K [0x00000000c0000000, 0x0000000100000000)
  region size 1024K, 47 young (48128K), 7 survivors (7168K)
 Metaspace       used 133786K, committed 135552K, reserved 1179648K
  class space    used 16577K, committed 17344K, reserved 1048576K
}
Event: 14.619 GC heap after
{Heap after GC invocations=31 (full 0):
 garbage-first heap   total 147456K, used 91109K [0x00000000c0000000, 0x0000000100000000)
  region size 1024K, 5 young (5120K), 5 survivors (5120K)
 Metaspace       used 133786K, committed 135552K, reserved 1179648K
  class space    used 16577K, committed 17344K, reserved 1048576K
}
Event: 14.880 GC heap before
{Heap before GC invocations=31 (full 0):
 garbage-first heap   total 147456K, used 132069K [0x00000000c0000000, 0x0000000100000000)
  region size 1024K, 46 young (47104K), 5 survivors (5120K)
 Metaspace       used 136014K, committed 137792K, reserved 1179648K
  class space    used 16863K, committed 17664K, reserved 1048576K
}
Event: 14.903 GC heap after
{Heap after GC invocations=32 (full 0):
 garbage-first heap   total 294912K, used 94477K [0x00000000c0000000, 0x0000000100000000)
  region size 1024K, 6 young (6144K), 6 survivors (6144K)
 Metaspace       used 136014K, committed 137792K, reserved 1179648K
  class space    used 16863K, committed 17664K, reserved 1048576K
}
Event: 16.063 GC heap before
{Heap before GC invocations=32 (full 0):
 garbage-first heap   total 294912K, used 256269K [0x00000000c0000000, 0x0000000100000000)
  region size 1024K, 165 young (168960K), 6 survivors (6144K)
 Metaspace       used 142434K, committed 144320K, reserved 1179648K
  class space    used 17693K, committed 18496K, reserved 1048576K
}
Event: 16.114 GC heap after
{Heap after GC invocations=33 (full 0):
 garbage-first heap   total 294912K, used 123126K [0x00000000c0000000, 0x0000000100000000)
  region size 1024K, 21 young (21504K), 21 survivors (21504K)
 Metaspace       used 142434K, committed 144320K, reserved 1179648K
  class space    used 17693K, committed 18496K, reserved 1048576K
}
Event: 17.198 GC heap before
{Heap before GC invocations=33 (full 0):
 garbage-first heap   total 294912K, used 251126K [0x00000000c0000000, 0x0000000100000000)
  region size 1024K, 146 young (149504K), 21 survivors (21504K)
 Metaspace       used 148755K, committed 150912K, reserved 1245184K
  class space    used 18520K, committed 19456K, reserved 1048576K
}
Event: 17.311 GC heap after
{Heap after GC invocations=34 (full 0):
 garbage-first heap   total 294912K, used 145139K [0x00000000c0000000, 0x0000000100000000)
  region size 1024K, 19 young (19456K), 19 survivors (19456K)
 Metaspace       used 148755K, committed 150912K, reserved 1245184K
  class space    used 18520K, committed 19456K, reserved 1048576K
}
Event: 18.384 GC heap before
{Heap before GC invocations=34 (full 0):
 garbage-first heap   total 294912K, used 252659K [0x00000000c0000000, 0x0000000100000000)
  region size 1024K, 124 young (126976K), 19 survivors (19456K)
 Metaspace       used 154961K, committed 157312K, reserved 1245184K
  class space    used 19378K, committed 20352K, reserved 1048576K
}
Event: 18.444 GC heap after
{Heap after GC invocations=35 (full 0):
 garbage-first heap   total 294912K, used 156063K [0x00000000c0000000, 0x0000000100000000)
  region size 1024K, 10 young (10240K), 10 survivors (10240K)
 Metaspace       used 154961K, committed 157312K, reserved 1245184K
  class space    used 19378K, committed 20352K, reserved 1048576K
}
Event: 19.136 GC heap before
{Heap before GC invocations=36 (full 0):
 garbage-first heap   total 285696K, used 259487K [0x00000000c0000000, 0x0000000100000000)
  region size 1024K, 111 young (113664K), 10 survivors (10240K)
 Metaspace       used 160422K, committed 162944K, reserved 1245184K
  class space    used 20106K, committed 21184K, reserved 1048576K
}
Event: 19.168 GC heap after
{Heap after GC invocations=37 (full 0):
 garbage-first heap   total 285696K, used 165791K [0x00000000c0000000, 0x0000000100000000)
  region size 1024K, 10 young (10240K), 10 survivors (10240K)
 Metaspace       used 160422K, committed 162944K, reserved 1245184K
  class space    used 20106K, committed 21184K, reserved 1048576K
}
Event: 19.482 GC heap before
{Heap before GC invocations=37 (full 0):
 garbage-first heap   total 285696K, used 255903K [0x00000000c0000000, 0x0000000100000000)
  region size 1024K, 99 young (101376K), 10 survivors (10240K)
 Metaspace       used 164050K, committed 166592K, reserved 1245184K
  class space    used 20562K, committed 21632K, reserved 1048576K
}
Event: 19.510 GC heap after
{Heap after GC invocations=38 (full 0):
 garbage-first heap   total 285696K, used 176543K [0x00000000c0000000, 0x0000000100000000)
  region size 1024K, 13 young (13312K), 13 survivors (13312K)
 Metaspace       used 164050K, committed 166592K, reserved 1245184K
  class space    used 20562K, committed 21632K, reserved 1048576K
}
Event: 20.096 GC heap before
{Heap before GC invocations=38 (full 0):
 garbage-first heap   total 285696K, used 255391K [0x00000000c0000000, 0x0000000100000000)
  region size 1024K, 90 young (92160K), 13 survivors (13312K)
 Metaspace       used 166953K, committed 169600K, reserved 1245184K
  class space    used 20958K, committed 22080K, reserved 1048576K
}
Event: 20.123 GC heap after
{Heap after GC invocations=39 (full 0):
 garbage-first heap   total 393216K, used 183743K [0x00000000c0000000, 0x0000000100000000)
  region size 1024K, 12 young (12288K), 12 survivors (12288K)
 Metaspace       used 166953K, committed 169600K, reserved 1245184K
  class space    used 20958K, committed 22080K, reserved 1048576K
}
Event: 20.959 GC heap before
{Heap before GC invocations=40 (full 0):
 garbage-first heap   total 335872K, used 334271K [0x00000000c0000000, 0x0000000100000000)
  region size 1024K, 160 young (163840K), 12 survivors (12288K)
 Metaspace       used 169057K, committed 171712K, reserved 1245184K
  class space    used 21259K, committed 22400K, reserved 1048576K
}
Event: 20.997 GC heap after
{Heap after GC invocations=41 (full 0):
 garbage-first heap   total 356352K, used 191410K [0x00000000c0000000, 0x0000000100000000)
  region size 1024K, 10 young (10240K), 10 survivors (10240K)
 Metaspace       used 169057K, committed 171712K, reserved 1245184K
  class space    used 21259K, committed 22400K, reserved 1048576K
}
Event: 21.669 GC heap before
{Heap before GC invocations=41 (full 0):
 garbage-first heap   total 356352K, used 336818K [0x00000000c0000000, 0x0000000100000000)
  region size 1024K, 131 young (134144K), 10 survivors (10240K)
 Metaspace       used 172829K, committed 175680K, reserved 1245184K
  class space    used 21771K, committed 22976K, reserved 1048576K
}
Event: 21.709 GC heap after
{Heap after GC invocations=42 (full 0):
 garbage-first heap   total 360448K, used 205950K [0x00000000c0000000, 0x0000000100000000)
  region size 1024K, 17 young (17408K), 17 survivors (17408K)
 Metaspace       used 172829K, committed 175680K, reserved 1245184K
  class space    used 21771K, committed 22976K, reserved 1048576K
}

